# JRE version: OpenJDK Runtime Environment (8.0_152-b01) (build 1.8.0_152-release-915-b01)
# Java VM: OpenJDK 64-Bit Server VM (25.152-b01 mixed mode windows-amd64 compressed oops)
Heap:
 PSYoungGen      total 339456K, used 231447K [0x00000000e0000000, 0x00000000fd500000, 0x0000000100000000)
  eden space 244224K, 93% used [0x00000000e0000000,0x00000000edeb0368,0x00000000eee80000)
  from space 95232K, 3% used [0x00000000eee80000,0x00000000ef1d5990,0x00000000f4b80000)
  to   space 93184K, 0% used [0x00000000f7a00000,0x00000000f7a00000,0x00000000fd500000)
 ParOldGen       total 178176K, used 74628K [0x00000000a0000000, 0x00000000aae00000, 0x00000000e0000000)
  object space 178176K, 41% used [0x00000000a0000000,0x00000000a48e12b8,0x00000000aae00000)
 Metaspace       used 86954K, capacity 92570K, committed 92760K, reserved 1130496K
  class space    used 11119K, capacity 12303K, committed 12416K, reserved 1048576K
GC Heap History (10 events):
Event: 1306.377 GC heap before
{Heap before GC invocations=42 (full 4):
 PSYoungGen      total 263168K, used 199513K [0x00000000e0000000, 0x00000000f7b80000, 0x0000000100000000)
  eden space 162816K, 99% used [0x00000000e0000000,0x00000000e9ee3928,0x00000000e9f00000)
  from space 100352K, 36% used [0x00000000e9f00000,0x00000000ec2f2b40,0x00000000f0100000)
  to   space 95232K, 0% used [0x00000000f1e80000,0x00000000f1e80000,0x00000000f7b80000)
 ParOldGen       total 209408K, used 160132K [0x00000000a0000000, 0x00000000acc80000, 0x00000000e0000000)
  object space 209408K, 76% used [0x00000000a0000000,0x00000000a9c612f8,0x00000000acc80000)
 Metaspace       used 83868K, capacity 88464K, committed 88920K, reserved 1126400K
  class space    used 10755K, capacity 11788K, committed 11904K, reserved 1048576K
Event: 1306.409 GC heap after
Heap after GC invocations=42 (full 4):
 PSYoungGen      total 292864K, used 6036K [0x00000000e0000000, 0x00000000f8100000, 0x0000000100000000)
  eden space 197632K, 0% used [0x00000000e0000000,0x00000000e0000000,0x00000000ec100000)
  from space 95232K, 6% used [0x00000000f1e80000,0x00000000f24653e8,0x00000000f7b80000)
  to   space 95744K, 0% used [0x00000000ec100000,0x00000000ec100000,0x00000000f1e80000)
 ParOldGen       total 209408K, used 189661K [0x00000000a0000000, 0x00000000acc80000, 0x00000000e0000000)
  object space 209408K, 90% used [0x00000000a0000000,0x00000000ab9375b0,0x00000000acc80000)
 Metaspace       used 83868K, capacity 88464K, committed 88920K, reserved 1126400K
  class space    used 10755K, capacity 11788K, committed 11904K, reserved 1048576K
}
Event: 1306.409 GC heap before
{Heap before GC invocations=43 (full 5):
 PSYoungGen      total 292864K, used 6036K [0x00000000e0000000, 0x00000000f8100000, 0x0000000100000000)
  eden space 197632K, 0% used [0x00000000e0000000,0x00000000e0000000,0x00000000ec100000)
  from space 95232K, 6% used [0x00000000f1e80000,0x00000000f24653e8,0x00000000f7b80000)
  to   space 95744K, 0% used [0x00000000ec100000,0x00000000ec100000,0x00000000f1e80000)
 ParOldGen       total 209408K, used 189661K [0x00000000a0000000, 0x00000000acc80000, 0x00000000e0000000)
  object space 209408K, 90% used [0x00000000a0000000,0x00000000ab9375b0,0x00000000acc80000)
 Metaspace       used 83868K, capacity 88464K, committed 88920K, reserved 1126400K
  class space    used 10755K, capacity 11788K, committed 11904K, reserved 1048576K
Event: 1306.526 GC heap after
Heap after GC invocations=43 (full 5):
 PSYoungGen      total 292864K, used 0K [0x00000000e0000000, 0x00000000f8100000, 0x0000000100000000)
  eden space 197632K, 0% used [0x00000000e0000000,0x00000000e0000000,0x00000000ec100000)
  from space 95232K, 0% used [0x00000000f1e80000,0x00000000f1e80000,0x00000000f7b80000)
  to   space 95744K, 0% used [0x00000000ec100000,0x00000000ec100000,0x00000000f1e80000)
 ParOldGen       total 178176K, used 73408K [0x00000000a0000000, 0x00000000aae00000, 0x00000000e0000000)
  object space 178176K, 41% used [0x00000000a0000000,0x00000000a47b02f8,0x00000000aae00000)
 Metaspace       used 83868K, capacity 88464K, committed 88920K, reserved 1126400K
  class space    used 10755K, capacity 11788K, committed 11904K, reserved 1048576K
}
Event: 1599.588 GC heap before
{Heap before GC invocations=44 (full 5):
 PSYoungGen      total 292864K, used 197632K [0x00000000e0000000, 0x00000000f8100000, 0x0000000100000000)
  eden space 197632K, 100% used [0x00000000e0000000,0x00000000ec100000,0x00000000ec100000)
  from space 95232K, 0% used [0x00000000f1e80000,0x00000000f1e80000,0x00000000f7b80000)
  to   space 95744K, 0% used [0x00000000ec100000,0x00000000ec100000,0x00000000f1e80000)
 ParOldGen       total 178176K, used 73408K [0x00000000a0000000, 0x00000000aae00000, 0x00000000e0000000)
  object space 178176K, 41% used [0x00000000a0000000,0x00000000a47b02f8,0x00000000aae00000)
 Metaspace       used 84776K, capacity 89530K, committed 89816K, reserved 1126400K
  class space    used 10901K, capacity 11945K, committed 12032K, reserved 1048576K
Event: 1599.602 GC heap after
Heap after GC invocations=44 (full 5):
 PSYoungGen      total 293376K, used 2413K [0x00000000e0000000, 0x00000000fab80000, 0x0000000100000000)
  eden space 197632K, 0% used [0x00000000e0000000,0x00000000e0000000,0x00000000ec100000)
  from space 95744K, 2% used [0x00000000ec100000,0x00000000ec35b438,0x00000000f1e80000)
  to   space 96256K, 0% used [0x00000000f4d80000,0x00000000f4d80000,0x00000000fab80000)
 ParOldGen       total 178176K, used 73408K [0x00000000a0000000, 0x00000000aae00000, 0x00000000e0000000)
  object space 178176K, 41% used [0x00000000a0000000,0x00000000a47b02f8,0x00000000aae00000)
 Metaspace       used 84776K, capacity 89530K, committed 89816K, reserved 1126400K
  class space    used 10901K, capacity 11945K, committed 12032K, reserved 1048576K
}
Event: 1603.784 GC heap before
{Heap before GC invocations=45 (full 5):
 PSYoungGen      total 293376K, used 200045K [0x00000000e0000000, 0x00000000fab80000, 0x0000000100000000)
  eden space 197632K, 100% used [0x00000000e0000000,0x00000000ec100000,0x00000000ec100000)
  from space 95744K, 2% used [0x00000000ec100000,0x00000000ec35b438,0x00000000f1e80000)
  to   space 96256K, 0% used [0x00000000f4d80000,0x00000000f4d80000,0x00000000fab80000)
 ParOldGen       total 178176K, used 73408K [0x00000000a0000000, 0x00000000aae00000, 0x00000000e0000000)
  object space 178176K, 41% used [0x00000000a0000000,0x00000000a47b02f8,0x00000000aae00000)
 Metaspace       used 85094K, capacity 89966K, committed 90072K, reserved 1128448K
  class space    used 10929K, capacity 12015K, committed 12032K, reserved 1048576K
Event: 1603.791 GC heap after
Heap after GC invocations=45 (full 5):
 PSYoungGen      total 337408K, used 4120K [0x00000000e0000000, 0x00000000fa880000, 0x0000000100000000)
  eden space 244224K, 0% used [0x00000000e0000000,0x00000000e0000000,0x00000000eee80000)
  from space 93184K, 4% used [0x00000000f4d80000,0x00000000f5186168,0x00000000fa880000)
  to   space 95232K, 0% used [0x00000000eee80000,0x00000000eee80000,0x00000000f4b80000)
 ParOldGen       total 178176K, used 73416K [0x00000000a0000000, 0x00000000aae00000, 0x00000000e0000000)
  object space 178176K, 41% used [0x00000000a0000000,0x00000000a47b22f8,0x00000000aae00000)
 Metaspace       used 85094K, capacity 89966K, committed 90072K, reserved 1128448K
  class space    used 10929K, capacity 12015K, committed 12032K, reserved 1048576K
}
Event: 1952.474 GC heap before
{Heap before GC invocations=46 (full 5):
 PSYoungGen      total 337408K, used 248344K [0x00000000e0000000, 0x00000000fa880000, 0x0000000100000000)
  eden space 244224K, 100% used [0x00000000e0000000,0x00000000eee80000,0x00000000eee80000)
  from space 93184K, 4% used [0x00000000f4d80000,0x00000000f5186168,0x00000000fa880000)
  to   space 95232K, 0% used [0x00000000eee80000,0x00000000eee80000,0x00000000f4b80000)
 ParOldGen       total 178176K, used 73416K [0x00000000a0000000, 0x00000000aae00000, 0x00000000e0000000)
  object space 178176K, 41% used [0x00000000a0000000,0x00000000a47b22f8,0x00000000aae00000)
 Metaspace       used 86279K, capacity 91534K, committed 91608K, reserved 1128448K
  class space    used 11057K, capacity 12217K, committed 12288K, reserved 1048576K
Event: 1952.481 GC heap after
Heap after GC invocations=46 (full 5):
 PSYoungGen      total 339456K, used 3414K [0x00000000e0000000, 0x00000000fd500000, 0x0000000100000000)
  eden space 244224K, 0% used [0x00000000e0000000,0x00000000e0000000,0x00000000eee80000)
  from space 95232K, 3% used [0x00000000eee80000,0x00000000ef1d5990,0x00000000f4b80000)
  to   space 93184K, 0% used [0x00000000f7a00000,0x00000000f7a00000,0x00000000fd500000)
 ParOldGen       total 178176K, used 74628K [0x00000000a0000000, 0x00000000aae00000, 0x00000000e0000000)
  object space 178176K, 41% used [0x00000000a0000000,0x00000000a48e12b8,0x00000000aae00000)
 Metaspace       used 86279K, capacity 91534K, committed 91608K, reserved 1128448K
  class space    used 11057K, capacity 12217K, committed 12288K, reserved 1048576K
}

